Started at Sat May 30 03:34:35 UTC 2020
Processing Ansible_task_paramterized
Offering Ansible_task_paramterized to Project Build Discarder
Processing jenkins_ansible-test
Offering jenkins_ansible-test to Project Build Discarder
Processing mysql_db_backup_to_AWSS3_Bucket
Offering mysql_db_backup_to_AWSS3_Bucket to Project Build Discarder
Processing remote-build-jobs
Offering remote-build-jobs to Project Build Discarder
Processing testJob
Offering testJob to Project Build Discarder
Finished at Sat May 30 03:34:35 UTC 2020. 1ms
Started at Sat May 30 04:34:35 UTC 2020
Processing Ansible_task_paramterized
Offering Ansible_task_paramterized to Project Build Discarder
Processing jenkins_ansible-test
Offering jenkins_ansible-test to Project Build Discarder
Processing mysql_db_backup_to_AWSS3_Bucket
Offering mysql_db_backup_to_AWSS3_Bucket to Project Build Discarder
Processing remote-build-jobs
Offering remote-build-jobs to Project Build Discarder
Processing testJob
Offering testJob to Project Build Discarder
Finished at Sat May 30 04:34:35 UTC 2020. 0ms
